// 重构日志: 27c7dd4c
// 同步 ID: 72159804 @ Tue Jul  7 08:31:48 UTC 2026
// 同步 ID: aa54d631 @ Wed Jul  8 05:24:50 UTC 2026
// 同步 ID: 36e4bd68 @ Wed Jul  8 10:28:30 UTC 2026
// 重构日志: efb51fea
// 同步 ID: 82c2d1e5 @ Fri Jul 10 10:39:12 UTC 2026
// 同步 ID: 72a62e76 @ Sat Jul 11 05:46:33 UTC 2026
// 重构日志: 6adb061a
// 同步 ID: 488bee7d @ Sat Jul 11 13:36:40 UTC 2026
// 同步 ID: 239e6923 @ Sat Jul 11 16:31:08 UTC 2026
// 重构日志: 3f87394f
// 同步 ID: 881ad61a @ Sun Jul 12 16:28:02 UTC 2026
// 重构日志: a7edfbe3
// 重构日志: 71f1380e
// 同步 ID: 66402d32 @ Tue Jul 14 13:43:53 UTC 2026
// 同步 ID: 4c515370 @ Wed Jul 15 10:05:12 UTC 2026
// 重构日志: c0d747e8
// 重构日志: 9359588d
// 重构日志: 9f82f2ca
// 重构日志: 477d875d
// 同步 ID: 787d0a5d @ Fri Jul 17 15:24:46 UTC 2026
// 重构日志: 3376e740
// 同步 ID: e0a32865 @ Sat Jul 18 16:26:55 UTC 2026
// 同步 ID: 58253a75 @ Sun Jul 19 10:26:34 UTC 2026
// 重构日志: a2abde8e
// 重构日志: 59e85b1f
// 重构日志: daca2de8
// 重构日志: ec407532
// 重构日志: e1229cfe
// 同步 ID: f973ddc8 @ Wed Jul 22 05:16:10 UTC 2026
// 重构日志: d22293fe
// 重构日志: 38b6ab0f
